<?xml version="1.0" encoding="UTF-8"?>
<!-- Generated by org.testng.reporters.JUnitReportReporter -->
<testsuite hostname="DESKTOP-S0S45NM" failures="0" tests="3" name="org.project2.SpiceJetProject.SpiceJetTest" time="101.523" errors="1" timestamp="2023-12-20T01:54:19 IST" skipped="2">
  <testcase classname="org.project2.SpiceJetProject.SpiceJetTest" name="setUp" time="101.523">
    <error message="chrome not reachable
Build info: version: &#039;3.141.59&#039;, revision: &#039;e82be7d358&#039;, time: &#039;2018-11-14T08:17:03&#039;
System info: host: &#039;DESKTOP-S0S45NM&#039;, ip: &#039;192.168.43.205&#039;, os.name: &#039;Windows 10&#039;, os.arch: &#039;amd64&#039;, os.version: &#039;10.0&#039;, java.version: &#039;17.0.7&#039;
Driver info: driver.version: ChromeDriver
remote stacktrace: Backtrace:
	GetHandleVerifier [0x0067A813+48355]
	(No symbol) [0x0060C4B1]
	(No symbol) [0x00515220]
	(No symbol) [0x0050B355]
	(No symbol) [0x00535C68]
	(No symbol) [0x00531EF3]
	(No symbol) [0x00530579]
	(No symbol) [0x00560C55]
	(No symbol) [0x0056093C]
	(No symbol) [0x0055A536]
	(No symbol) [0x005382DC]
	(No symbol) [0x005393DD]
	GetHandleVerifier [0x008DAABD+2539405]
	GetHandleVerifier [0x0091A78F+2800735]
	GetHandleVerifier [0x0091456C+2775612]
	GetHandleVerifier [0x007051E0+616112]
	(No symbol) [0x00615F8C]
	(No symbol) [0x00612328]
	(No symbol) [0x0061240B]
	(No symbol) [0x00604FF7]
	BaseThreadInitThunk [0x75B0FCC9+25]
	RtlGetAppContainerNamedObjectPath [0x77047C6E+286]
	RtlGetAppContainerNamedObjectPath [0x77047C3E+238]
" type="org.openqa.selenium.WebDriverException">
      <![CDATA[org.openqa.selenium.WebDriverException: chrome not reachable
Build info: version: '3.141.59', revision: 'e82be7d358', time: '2018-11-14T08:17:03'
System info: host: 'DESKTOP-S0S45NM', ip: '192.168.43.205', os.name: 'Windows 10', os.arch: 'amd64', os.version: '10.0', java.version: '17.0.7'
Driver info: driver.version: ChromeDriver
remote stacktrace: Backtrace:
GetHandleVerifier [0x0067A813+48355]
(No symbol) [0x0060C4B1]
(No symbol) [0x00515220]
(No symbol) [0x0050B355]
(No symbol) [0x00535C68]
(No symbol) [0x00531EF3]
(No symbol) [0x00530579]
(No symbol) [0x00560C55]
(No symbol) [0x0056093C]
(No symbol) [0x0055A536]
(No symbol) [0x005382DC]
(No symbol) [0x005393DD]
GetHandleVerifier [0x008DAABD+2539405]
GetHandleVerifier [0x0091A78F+2800735]
GetHandleVerifier [0x0091456C+2775612]
GetHandleVerifier [0x007051E0+616112]
(No symbol) [0x00615F8C]
(No symbol) [0x00612328]
(No symbol) [0x0061240B]
(No symbol) [0x00604FF7]
BaseThreadInitThunk [0x75B0FCC9+25]
RtlGetAppContainerNamedObjectPath [0x77047C6E+286]
RtlGetAppContainerNamedObjectPath [0x77047C3E+238]

at java.base/jdk.internal.reflect.NativeConstructorAccessorImpl.newInstance0(Native Method)
at java.base/jdk.internal.reflect.NativeConstructorAccessorImpl.newInstance(NativeConstructorAccessorImpl.java:77)
at java.base/jdk.internal.reflect.DelegatingConstructorAccessorImpl.newInstance(DelegatingConstructorAccessorImpl.java:45)
at java.base/java.lang.reflect.Constructor.newInstanceWithCaller(Constructor.java:499)
at java.base/java.lang.reflect.Constructor.newInstance(Constructor.java:480)
at org.openqa.selenium.remote.W3CHandshakeResponse.lambda$errorHandler$0(W3CHandshakeResponse.java:62)
at org.openqa.selenium.remote.HandshakeResponse.lambda$getResponseFunction$0(HandshakeResponse.java:30)
at org.openqa.selenium.remote.ProtocolHandshake.lambda$createSession$0(ProtocolHandshake.java:126)
at java.base/java.util.stream.ReferencePipeline$3$1.accept(ReferencePipeline.java:197)
at java.base/java.util.Spliterators$ArraySpliterator.tryAdvance(Spliterators.java:1002)
at java.base/java.util.stream.ReferencePipeline.forEachWithCancel(ReferencePipeline.java:129)
at java.base/java.util.stream.AbstractPipeline.copyIntoWithCancel(AbstractPipeline.java:527)
at java.base/java.util.stream.AbstractPipeline.copyInto(AbstractPipeline.java:513)
at java.base/java.util.stream.AbstractPipeline.wrapAndCopyInto(AbstractPipeline.java:499)
at java.base/java.util.stream.FindOps$FindOp.evaluateSequential(FindOps.java:150)
at java.base/java.util.stream.AbstractPipeline.evaluate(AbstractPipeline.java:234)
at java.base/java.util.stream.ReferencePipeline.findFirst(ReferencePipeline.java:647)
at org.openqa.selenium.remote.ProtocolHandshake.createSession(ProtocolHandshake.java:128)
at org.openqa.selenium.remote.ProtocolHandshake.createSession(ProtocolHandshake.java:74)
at org.openqa.selenium.remote.HttpCommandExecutor.execute(HttpCommandExecutor.java:136)
at org.openqa.selenium.remote.service.DriverCommandExecutor.execute(DriverCommandExecutor.java:83)
at org.openqa.selenium.remote.RemoteWebDriver.execute(RemoteWebDriver.java:552)
at org.openqa.selenium.remote.RemoteWebDriver.startSession(RemoteWebDriver.java:213)
at org.openqa.selenium.remote.RemoteWebDriver.<init>(RemoteWebDriver.java:131)
at org.openqa.selenium.chrome.ChromeDriver.<init>(ChromeDriver.java:181)
at org.openqa.selenium.chrome.ChromeDriver.<init>(ChromeDriver.java:168)
at org.openqa.selenium.chrome.ChromeDriver.<init>(ChromeDriver.java:123)
at org.project2.SpiceJetProject.SpiceJetTest.setUp(SpiceJetTest.java:22)
at java.base/jdk.internal.reflect.NativeMethodAccessorImpl.invoke0(Native Method)
at java.base/jdk.internal.reflect.NativeMethodAccessorImpl.invoke(NativeMethodAccessorImpl.java:77)
at java.base/jdk.internal.reflect.DelegatingMethodAccessorImpl.invoke(DelegatingMethodAccessorImpl.java:43)
at java.base/java.lang.reflect.Method.invoke(Method.java:568)
at org.testng.internal.invokers.MethodInvocationHelper.invokeMethod(MethodInvocationHelper.java:139)
at org.testng.internal.invokers.MethodInvocationHelper.invokeMethodConsideringTimeout(MethodInvocationHelper.java:69)
at org.testng.internal.invokers.ConfigInvoker.invokeConfigurationMethod(ConfigInvoker.java:390)
at org.testng.internal.invokers.ConfigInvoker.invokeConfigurations(ConfigInvoker.java:325)
at org.testng.internal.invokers.TestMethodWorker.invokeBeforeClassMethods(TestMethodWorker.java:180)
at org.testng.internal.invokers.TestMethodWorker.run(TestMethodWorker.java:122)
at java.base/java.util.ArrayList.forEach(ArrayList.java:1511)
at org.testng.TestRunner.privateRun(TestRunner.java:848)
at org.testng.TestRunner.run(TestRunner.java:621)
at org.testng.SuiteRunner.runTest(SuiteRunner.java:443)
at org.testng.SuiteRunner.runSequentially(SuiteRunner.java:437)
at org.testng.SuiteRunner.privateRun(SuiteRunner.java:397)
at org.testng.SuiteRunner.run(SuiteRunner.java:336)
at org.testng.SuiteRunnerWorker.runSuite(SuiteRunnerWorker.java:52)
at org.testng.SuiteRunnerWorker.run(SuiteRunnerWorker.java:95)
at org.testng.TestNG.runSuitesSequentially(TestNG.java:1280)
at org.testng.TestNG.runSuitesLocally(TestNG.java:1200)
at org.testng.TestNG.runSuites(TestNG.java:1114)
at org.testng.TestNG.run(TestNG.java:1082)
at org.testng.remote.AbstractRemoteTestNG.run(AbstractRemoteTestNG.java:115)
at org.testng.remote.RemoteTestNG.initAndRun(RemoteTestNG.java:251)
at org.testng.remote.RemoteTestNG.main(RemoteTestNG.java:77)
]]>
    </error>
  </testcase> <!-- setUp -->
  <testcase classname="org.project2.SpiceJetProject.SpiceJetTest" name="testPositiveFlightSearch" time="0.000">
    <skipped/>
  </testcase> <!-- testPositiveFlightSearch -->
  <testcase classname="org.project2.SpiceJetProject.SpiceJetTest" name="testNegativeFlightSearch" time="0.000">
    <skipped/>
  </testcase> <!-- testNegativeFlightSearch -->
</testsuite> <!-- org.project2.SpiceJetProject.SpiceJetTest -->
